<?xml version="1.0" encoding="UTF-8"?>
<coverage generated="1743138016255" clover="3.2.0">
  <project timestamp="1743138016255" name="All files">
    <metrics statements="13" coveredstatements="13" conditionals="8" coveredconditionals="8" methods="5" coveredmethods="5" elements="26" coveredelements="26" complexity="0" loc="13" ncloc="13" packages="1" files="1" classes="1"/>
    <file name="calc.js" path="/home/kuan/nycu/SoftwareTesting/calc-tdd-js/calc.js">
      <metrics statements="13" coveredstatements="13" conditionals="8" coveredconditionals="8" methods="5" coveredmethods="5"/>
      <line num="4" count="29" type="cond" truecount="6" falsecount="0"/>
      <line num="5" count="16" type="stmt"/>
      <line num="11" count="7" type="stmt"/>
      <line num="12" count="3" type="stmt"/>
      <line num="17" count="7" type="stmt"/>
      <line num="18" count="3" type="stmt"/>
      <line num="23" count="7" type="stmt"/>
      <line num="24" count="3" type="stmt"/>
      <line num="29" count="8" type="stmt"/>
      <line num="30" count="4" type="cond" truecount="2" falsecount="0"/>
      <line num="31" count="1" type="stmt"/>
      <line num="33" count="3" type="stmt"/>
      <line num="37" count="1" type="stmt"/>
    </file>
  </project>
</coverage>
